<?xml version="1.0" encoding="UTF-8"?>
<ns2:test-suite xmlns:ns2="urn:model.allure.qatools.yandex.ru" start="1437382309220" stop="1437382309223">
	<name>toHaveSameItems match arrays</name>
	<title>toHaveSameItems match arrays</title>
	<test-cases>
		<test-case start="1437382309220" stop="1437382309221" status="failed">
			<name>should compare by length</name>
			<title>should compare by length</title>
			<description></description>
			<labels>
			</labels>
			<steps>
			</steps>
			<attachments>
			</attachments>
			<failure>
				<message>Array sizes doest match! Actual size: 3, expected size: 4</message>
				<stack-trace>Error: Array sizes doest match! Actual size: 3, expected size: 4
    at stack (/Users/just-boris/coding/jasmine-collection-matchers/node_modules/jasmine/node_modules/jasmine-core/lib/jasmine-core/jasmine.js:1482:17)
    at buildExpectationResult (/Users/just-boris/coding/jasmine-collection-matchers/node_modules/jasmine/node_modules/jasmine-core/lib/jasmine-core/jasmine.js:1452:14)
    at Spec.Env.expectationResultFactory (/Users/just-boris/coding/jasmine-collection-matchers/node_modules/jasmine/node_modules/jasmine-core/lib/jasmine-core/jasmine.js:583:18)
    at Spec.addExpectationResult (/Users/just-boris/coding/jasmine-collection-matchers/node_modules/jasmine/node_modules/jasmine-core/lib/jasmine-core/jasmine.js:324:34)
    at Expectation.addExpectationResult (/Users/just-boris/coding/jasmine-collection-matchers/node_modules/jasmine/node_modules/jasmine-core/lib/jasmine-core/jasmine.js:533:21)
    at Expectation.toHaveSameItems (/Users/just-boris/coding/jasmine-collection-matchers/node_modules/jasmine/node_modules/jasmine-core/lib/jasmine-core/jasmine.js:1406:12)
    at Object.&lt;anonymous&gt; (/Users/just-boris/coding/jasmine-collection-matchers/test/toHaveSameItems.spec.js:18:33)
    at attemptSync (/Users/just-boris/coding/jasmine-collection-matchers/node_modules/jasmine/node_modules/jasmine-core/lib/jasmine-core/jasmine.js:1789:24)
    at QueueRunner.run (/Users/just-boris/coding/jasmine-collection-matchers/node_modules/jasmine/node_modules/jasmine-core/lib/jasmine-core/jasmine.js:1777:9)
    at QueueRunner.execute (/Users/just-boris/coding/jasmine-collection-matchers/node_modules/jasmine/node_modules/jasmine-core/lib/jasmine-core/jasmine.js:1762:10)</stack-trace>
			</failure>
		</test-case>
		<test-case start="1437382309221" stop="1437382309222" status="failed">
			<name>should compare content</name>
			<title>should compare content</title>
			<description></description>
			<labels>
			</labels>
			<steps>
			</steps>
			<attachments>
			</attachments>
			<failure>
				<message>Expected collection are equal, but:
    at 2: expected 4, actual 3</message>
				<stack-trace>Error: Expected collection are equal, but:
    at 2: expected 4, actual 3
    at stack (/Users/just-boris/coding/jasmine-collection-matchers/node_modules/jasmine/node_modules/jasmine-core/lib/jasmine-core/jasmine.js:1482:17)
    at buildExpectationResult (/Users/just-boris/coding/jasmine-collection-matchers/node_modules/jasmine/node_modules/jasmine-core/lib/jasmine-core/jasmine.js:1452:14)
    at Spec.Env.expectationResultFactory (/Users/just-boris/coding/jasmine-collection-matchers/node_modules/jasmine/node_modules/jasmine-core/lib/jasmine-core/jasmine.js:583:18)
    at Spec.addExpectationResult (/Users/just-boris/coding/jasmine-collection-matchers/node_modules/jasmine/node_modules/jasmine-core/lib/jasmine-core/jasmine.js:324:34)
    at Expectation.addExpectationResult (/Users/just-boris/coding/jasmine-collection-matchers/node_modules/jasmine/node_modules/jasmine-core/lib/jasmine-core/jasmine.js:533:21)
    at Expectation.toHaveSameItems (/Users/just-boris/coding/jasmine-collection-matchers/node_modules/jasmine/node_modules/jasmine-core/lib/jasmine-core/jasmine.js:1406:12)
    at Object.&lt;anonymous&gt; (/Users/just-boris/coding/jasmine-collection-matchers/test/toHaveSameItems.spec.js:22:33)
    at attemptSync (/Users/just-boris/coding/jasmine-collection-matchers/node_modules/jasmine/node_modules/jasmine-core/lib/jasmine-core/jasmine.js:1789:24)
    at QueueRunner.run (/Users/just-boris/coding/jasmine-collection-matchers/node_modules/jasmine/node_modules/jasmine-core/lib/jasmine-core/jasmine.js:1777:9)
    at QueueRunner.execute (/Users/just-boris/coding/jasmine-collection-matchers/node_modules/jasmine/node_modules/jasmine-core/lib/jasmine-core/jasmine.js:1762:10)</stack-trace>
			</failure>
		</test-case>
		<test-case start="1437382309222" stop="1437382309223" status="failed">
			<name>should require strict element order</name>
			<title>should require strict element order</title>
			<description></description>
			<labels>
			</labels>
			<steps>
			</steps>
			<attachments>
			</attachments>
			<failure>
				<message>Expected collection are equal, but:
    at 0: expected 3, actual 1
    at 1: expected 1, actual 2
    at 2: expected 2, actual 3</message>
				<stack-trace>Error: Expected collection are equal, but:
    at 0: expected 3, actual 1
    at 1: expected 1, actual 2
    at 2: expected 2, actual 3
    at stack (/Users/just-boris/coding/jasmine-collection-matchers/node_modules/jasmine/node_modules/jasmine-core/lib/jasmine-core/jasmine.js:1482:17)
    at buildExpectationResult (/Users/just-boris/coding/jasmine-collection-matchers/node_modules/jasmine/node_modules/jasmine-core/lib/jasmine-core/jasmine.js:1452:14)
    at Spec.Env.expectationResultFactory (/Users/just-boris/coding/jasmine-collection-matchers/node_modules/jasmine/node_modules/jasmine-core/lib/jasmine-core/jasmine.js:583:18)
    at Spec.addExpectationResult (/Users/just-boris/coding/jasmine-collection-matchers/node_modules/jasmine/node_modules/jasmine-core/lib/jasmine-core/jasmine.js:324:34)
    at Expectation.addExpectationResult (/Users/just-boris/coding/jasmine-collection-matchers/node_modules/jasmine/node_modules/jasmine-core/lib/jasmine-core/jasmine.js:533:21)
    at Expectation.toHaveSameItems (/Users/just-boris/coding/jasmine-collection-matchers/node_modules/jasmine/node_modules/jasmine-core/lib/jasmine-core/jasmine.js:1406:12)
    at Object.&lt;anonymous&gt; (/Users/just-boris/coding/jasmine-collection-matchers/test/toHaveSameItems.spec.js:26:33)
    at attemptSync (/Users/just-boris/coding/jasmine-collection-matchers/node_modules/jasmine/node_modules/jasmine-core/lib/jasmine-core/jasmine.js:1789:24)
    at QueueRunner.run (/Users/just-boris/coding/jasmine-collection-matchers/node_modules/jasmine/node_modules/jasmine-core/lib/jasmine-core/jasmine.js:1777:9)
    at QueueRunner.execute (/Users/just-boris/coding/jasmine-collection-matchers/node_modules/jasmine/node_modules/jasmine-core/lib/jasmine-core/jasmine.js:1762:10)</stack-trace>
			</failure>
		</test-case>
		<test-case start="1437382309223" stop="1437382309223" status="failed">
			<name>passing test</name>
			<title>passing test</title>
			<description></description>
			<labels>
			</labels>
			<steps>
			</steps>
			<attachments>
			</attachments>
			<failure>
				<message>Expected collection [1,2,3] are not equal to [1,2,3]</message>
				<stack-trace>Error: Expected collection [1,2,3] are not equal to [1,2,3]
    at stack (/Users/just-boris/coding/jasmine-collection-matchers/node_modules/jasmine/node_modules/jasmine-core/lib/jasmine-core/jasmine.js:1482:17)
    at buildExpectationResult (/Users/just-boris/coding/jasmine-collection-matchers/node_modules/jasmine/node_modules/jasmine-core/lib/jasmine-core/jasmine.js:1452:14)
    at Spec.Env.expectationResultFactory (/Users/just-boris/coding/jasmine-collection-matchers/node_modules/jasmine/node_modules/jasmine-core/lib/jasmine-core/jasmine.js:583:18)
    at Spec.addExpectationResult (/Users/just-boris/coding/jasmine-collection-matchers/node_modules/jasmine/node_modules/jasmine-core/lib/jasmine-core/jasmine.js:324:34)
    at Expectation.addExpectationResult (/Users/just-boris/coding/jasmine-collection-matchers/node_modules/jasmine/node_modules/jasmine-core/lib/jasmine-core/jasmine.js:533:21)
    at Expectation.toHaveSameItems (/Users/just-boris/coding/jasmine-collection-matchers/node_modules/jasmine/node_modules/jasmine-core/lib/jasmine-core/jasmine.js:1406:12)
    at Object.&lt;anonymous&gt; (/Users/just-boris/coding/jasmine-collection-matchers/test/toHaveSameItems.spec.js:30:29)
    at attemptSync (/Users/just-boris/coding/jasmine-collection-matchers/node_modules/jasmine/node_modules/jasmine-core/lib/jasmine-core/jasmine.js:1789:24)
    at QueueRunner.run (/Users/just-boris/coding/jasmine-collection-matchers/node_modules/jasmine/node_modules/jasmine-core/lib/jasmine-core/jasmine.js:1777:9)
    at QueueRunner.execute (/Users/just-boris/coding/jasmine-collection-matchers/node_modules/jasmine/node_modules/jasmine-core/lib/jasmine-core/jasmine.js:1762:10)</stack-trace>
			</failure>
		</test-case>
	</test-cases>
</ns2:test-suite>