<?xml version="1.0" encoding="UTF-8"?>
<ns2:test-suite xmlns:ns2="urn:model.allure.qatools.yandex.ru" start="1437382309237" stop="1437382309241">
	<name>toHaveUniqueItems</name>
	<title>toHaveUniqueItems</title>
	<test-cases>
		<test-case start="1437382309237" stop="1437382309238" status="failed">
			<name>should accept Array in actual</name>
			<title>should accept Array in actual</title>
			<description></description>
			<labels>
			</labels>
			<steps>
			</steps>
			<attachments>
			</attachments>
			<failure>
				<message>Expected function not to throw an exception with message &apos;Actual is not Array&apos;.</message>
				<stack-trace>Error: Expected function not to throw an exception with message &apos;Actual is not Array&apos;.
    at stack (/Users/just-boris/coding/jasmine-collection-matchers/node_modules/jasmine/node_modules/jasmine-core/lib/jasmine-core/jasmine.js:1482:17)
    at buildExpectationResult (/Users/just-boris/coding/jasmine-collection-matchers/node_modules/jasmine/node_modules/jasmine-core/lib/jasmine-core/jasmine.js:1452:14)
    at Spec.Env.expectationResultFactory (/Users/just-boris/coding/jasmine-collection-matchers/node_modules/jasmine/node_modules/jasmine-core/lib/jasmine-core/jasmine.js:583:18)
    at Spec.addExpectationResult (/Users/just-boris/coding/jasmine-collection-matchers/node_modules/jasmine/node_modules/jasmine-core/lib/jasmine-core/jasmine.js:324:34)
    at Expectation.addExpectationResult (/Users/just-boris/coding/jasmine-collection-matchers/node_modules/jasmine/node_modules/jasmine-core/lib/jasmine-core/jasmine.js:533:21)
    at Expectation.toThrowError (/Users/just-boris/coding/jasmine-collection-matchers/node_modules/jasmine/node_modules/jasmine-core/lib/jasmine-core/jasmine.js:1406:12)
    at Object.&lt;anonymous&gt; (/Users/just-boris/coding/jasmine-collection-matchers/test/toHaveUniqueItems.spec.js:7:12)
    at attemptSync (/Users/just-boris/coding/jasmine-collection-matchers/node_modules/jasmine/node_modules/jasmine-core/lib/jasmine-core/jasmine.js:1789:24)
    at QueueRunner.run (/Users/just-boris/coding/jasmine-collection-matchers/node_modules/jasmine/node_modules/jasmine-core/lib/jasmine-core/jasmine.js:1777:9)
    at QueueRunner.execute (/Users/just-boris/coding/jasmine-collection-matchers/node_modules/jasmine/node_modules/jasmine-core/lib/jasmine-core/jasmine.js:1762:10)</stack-trace>
			</failure>
		</test-case>
		<test-case start="1437382309238" stop="1437382309238" status="failed">
			<name>should require empty expectation</name>
			<title>should require empty expectation</title>
			<description></description>
			<labels>
			</labels>
			<steps>
			</steps>
			<attachments>
			</attachments>
			<failure>
				<message>Expected function not to throw an exception with message &apos;Expectation doesn&apos;t needed&apos;.</message>
				<stack-trace>Error: Expected function not to throw an exception with message &apos;Expectation doesn&apos;t needed&apos;.
    at stack (/Users/just-boris/coding/jasmine-collection-matchers/node_modules/jasmine/node_modules/jasmine-core/lib/jasmine-core/jasmine.js:1482:17)
    at buildExpectationResult (/Users/just-boris/coding/jasmine-collection-matchers/node_modules/jasmine/node_modules/jasmine-core/lib/jasmine-core/jasmine.js:1452:14)
    at Spec.Env.expectationResultFactory (/Users/just-boris/coding/jasmine-collection-matchers/node_modules/jasmine/node_modules/jasmine-core/lib/jasmine-core/jasmine.js:583:18)
    at Spec.addExpectationResult (/Users/just-boris/coding/jasmine-collection-matchers/node_modules/jasmine/node_modules/jasmine-core/lib/jasmine-core/jasmine.js:324:34)
    at Expectation.addExpectationResult (/Users/just-boris/coding/jasmine-collection-matchers/node_modules/jasmine/node_modules/jasmine-core/lib/jasmine-core/jasmine.js:533:21)
    at Expectation.toThrowError (/Users/just-boris/coding/jasmine-collection-matchers/node_modules/jasmine/node_modules/jasmine-core/lib/jasmine-core/jasmine.js:1406:12)
    at Object.&lt;anonymous&gt; (/Users/just-boris/coding/jasmine-collection-matchers/test/toHaveUniqueItems.spec.js:13:12)
    at attemptSync (/Users/just-boris/coding/jasmine-collection-matchers/node_modules/jasmine/node_modules/jasmine-core/lib/jasmine-core/jasmine.js:1789:24)
    at QueueRunner.run (/Users/just-boris/coding/jasmine-collection-matchers/node_modules/jasmine/node_modules/jasmine-core/lib/jasmine-core/jasmine.js:1777:9)
    at QueueRunner.execute (/Users/just-boris/coding/jasmine-collection-matchers/node_modules/jasmine/node_modules/jasmine-core/lib/jasmine-core/jasmine.js:1762:10)</stack-trace>
			</failure>
		</test-case>
		<test-case start="1437382309238" stop="1437382309239" status="failed">
			<name>should find duplicates</name>
			<title>should find duplicates</title>
			<description></description>
			<labels>
			</labels>
			<steps>
			</steps>
			<attachments>
			</attachments>
			<failure>
				<message>Array contains duplicates: 
1 at 0 and 3</message>
				<stack-trace>Error: Array contains duplicates: 
1 at 0 and 3
    at stack (/Users/just-boris/coding/jasmine-collection-matchers/node_modules/jasmine/node_modules/jasmine-core/lib/jasmine-core/jasmine.js:1482:17)
    at buildExpectationResult (/Users/just-boris/coding/jasmine-collection-matchers/node_modules/jasmine/node_modules/jasmine-core/lib/jasmine-core/jasmine.js:1452:14)
    at Spec.Env.expectationResultFactory (/Users/just-boris/coding/jasmine-collection-matchers/node_modules/jasmine/node_modules/jasmine-core/lib/jasmine-core/jasmine.js:583:18)
    at Spec.addExpectationResult (/Users/just-boris/coding/jasmine-collection-matchers/node_modules/jasmine/node_modules/jasmine-core/lib/jasmine-core/jasmine.js:324:34)
    at Expectation.addExpectationResult (/Users/just-boris/coding/jasmine-collection-matchers/node_modules/jasmine/node_modules/jasmine-core/lib/jasmine-core/jasmine.js:533:21)
    at Expectation.toHaveUniqueItems (/Users/just-boris/coding/jasmine-collection-matchers/node_modules/jasmine/node_modules/jasmine-core/lib/jasmine-core/jasmine.js:1406:12)
    at Object.&lt;anonymous&gt; (/Users/just-boris/coding/jasmine-collection-matchers/test/toHaveUniqueItems.spec.js:17:31)
    at attemptSync (/Users/just-boris/coding/jasmine-collection-matchers/node_modules/jasmine/node_modules/jasmine-core/lib/jasmine-core/jasmine.js:1789:24)
    at QueueRunner.run (/Users/just-boris/coding/jasmine-collection-matchers/node_modules/jasmine/node_modules/jasmine-core/lib/jasmine-core/jasmine.js:1777:9)
    at QueueRunner.execute (/Users/just-boris/coding/jasmine-collection-matchers/node_modules/jasmine/node_modules/jasmine-core/lib/jasmine-core/jasmine.js:1762:10)</stack-trace>
			</failure>
		</test-case>
		<test-case start="1437382309239" stop="1437382309241" status="failed">
			<name>should multiple duplicates</name>
			<title>should multiple duplicates</title>
			<description></description>
			<labels>
			</labels>
			<steps>
			</steps>
			<attachments>
			</attachments>
			<failure>
				<message>Array contains duplicates: 
1 at 0 and 4
2 at 1 and 2
2 at 2 and 3</message>
				<stack-trace>Error: Array contains duplicates: 
1 at 0 and 4
2 at 1 and 2
2 at 2 and 3
    at stack (/Users/just-boris/coding/jasmine-collection-matchers/node_modules/jasmine/node_modules/jasmine-core/lib/jasmine-core/jasmine.js:1482:17)
    at buildExpectationResult (/Users/just-boris/coding/jasmine-collection-matchers/node_modules/jasmine/node_modules/jasmine-core/lib/jasmine-core/jasmine.js:1452:14)
    at Spec.Env.expectationResultFactory (/Users/just-boris/coding/jasmine-collection-matchers/node_modules/jasmine/node_modules/jasmine-core/lib/jasmine-core/jasmine.js:583:18)
    at Spec.addExpectationResult (/Users/just-boris/coding/jasmine-collection-matchers/node_modules/jasmine/node_modules/jasmine-core/lib/jasmine-core/jasmine.js:324:34)
    at Expectation.addExpectationResult (/Users/just-boris/coding/jasmine-collection-matchers/node_modules/jasmine/node_modules/jasmine-core/lib/jasmine-core/jasmine.js:533:21)
    at Expectation.toHaveUniqueItems (/Users/just-boris/coding/jasmine-collection-matchers/node_modules/jasmine/node_modules/jasmine-core/lib/jasmine-core/jasmine.js:1406:12)
    at Object.&lt;anonymous&gt; (/Users/just-boris/coding/jasmine-collection-matchers/test/toHaveUniqueItems.spec.js:21:33)
    at attemptSync (/Users/just-boris/coding/jasmine-collection-matchers/node_modules/jasmine/node_modules/jasmine-core/lib/jasmine-core/jasmine.js:1789:24)
    at QueueRunner.run (/Users/just-boris/coding/jasmine-collection-matchers/node_modules/jasmine/node_modules/jasmine-core/lib/jasmine-core/jasmine.js:1777:9)
    at QueueRunner.execute (/Users/just-boris/coding/jasmine-collection-matchers/node_modules/jasmine/node_modules/jasmine-core/lib/jasmine-core/jasmine.js:1762:10)</stack-trace>
			</failure>
		</test-case>
		<test-case start="1437382309241" stop="1437382309241" status="failed">
			<name>passing test</name>
			<title>passing test</title>
			<description></description>
			<labels>
			</labels>
			<steps>
			</steps>
			<attachments>
			</attachments>
			<failure>
				<message>All items in array are unique</message>
				<stack-trace>Error: All items in array are unique
    at stack (/Users/just-boris/coding/jasmine-collection-matchers/node_modules/jasmine/node_modules/jasmine-core/lib/jasmine-core/jasmine.js:1482:17)
    at buildExpectationResult (/Users/just-boris/coding/jasmine-collection-matchers/node_modules/jasmine/node_modules/jasmine-core/lib/jasmine-core/jasmine.js:1452:14)
    at Spec.Env.expectationResultFactory (/Users/just-boris/coding/jasmine-collection-matchers/node_modules/jasmine/node_modules/jasmine-core/lib/jasmine-core/jasmine.js:583:18)
    at Spec.addExpectationResult (/Users/just-boris/coding/jasmine-collection-matchers/node_modules/jasmine/node_modules/jasmine-core/lib/jasmine-core/jasmine.js:324:34)
    at Expectation.addExpectationResult (/Users/just-boris/coding/jasmine-collection-matchers/node_modules/jasmine/node_modules/jasmine-core/lib/jasmine-core/jasmine.js:533:21)
    at Expectation.toHaveUniqueItems (/Users/just-boris/coding/jasmine-collection-matchers/node_modules/jasmine/node_modules/jasmine-core/lib/jasmine-core/jasmine.js:1406:12)
    at Object.&lt;anonymous&gt; (/Users/just-boris/coding/jasmine-collection-matchers/test/toHaveUniqueItems.spec.js:25:25)
    at attemptSync (/Users/just-boris/coding/jasmine-collection-matchers/node_modules/jasmine/node_modules/jasmine-core/lib/jasmine-core/jasmine.js:1789:24)
    at QueueRunner.run (/Users/just-boris/coding/jasmine-collection-matchers/node_modules/jasmine/node_modules/jasmine-core/lib/jasmine-core/jasmine.js:1777:9)
    at QueueRunner.execute (/Users/just-boris/coding/jasmine-collection-matchers/node_modules/jasmine/node_modules/jasmine-core/lib/jasmine-core/jasmine.js:1762:10)</stack-trace>
			</failure>
		</test-case>
	</test-cases>
</ns2:test-suite>