<?xml version="1.0" encoding="UTF-8"?>
<ns2:test-suite xmlns:ns2="urn:model.allure.qatools.yandex.ru" start="1437382309217" stop="1437382309236">
	<name>toHaveSameItems</name>
	<title>toHaveSameItems</title>
	<test-cases>
		<test-case start="1437382309217" stop="1437382309220" status="failed">
			<name>should accept Array in actual</name>
			<title>should accept Array in actual</title>
			<description></description>
			<labels>
			</labels>
			<steps>
			</steps>
			<attachments>
			</attachments>
			<failure>
				<message>Expected function not to throw an exception with message &apos;Actual must be an Array or Object&apos;.</message>
				<stack-trace>Error: Expected function not to throw an exception with message &apos;Actual must be an Array or Object&apos;.
    at stack (/Users/just-boris/coding/jasmine-collection-matchers/node_modules/jasmine/node_modules/jasmine-core/lib/jasmine-core/jasmine.js:1482:17)
    at buildExpectationResult (/Users/just-boris/coding/jasmine-collection-matchers/node_modules/jasmine/node_modules/jasmine-core/lib/jasmine-core/jasmine.js:1452:14)
    at Spec.Env.expectationResultFactory (/Users/just-boris/coding/jasmine-collection-matchers/node_modules/jasmine/node_modules/jasmine-core/lib/jasmine-core/jasmine.js:583:18)
    at Spec.addExpectationResult (/Users/just-boris/coding/jasmine-collection-matchers/node_modules/jasmine/node_modules/jasmine-core/lib/jasmine-core/jasmine.js:324:34)
    at Expectation.addExpectationResult (/Users/just-boris/coding/jasmine-collection-matchers/node_modules/jasmine/node_modules/jasmine-core/lib/jasmine-core/jasmine.js:533:21)
    at Expectation.toThrowError (/Users/just-boris/coding/jasmine-collection-matchers/node_modules/jasmine/node_modules/jasmine-core/lib/jasmine-core/jasmine.js:1406:12)
    at Object.&lt;anonymous&gt; (/Users/just-boris/coding/jasmine-collection-matchers/test/toHaveSameItems.spec.js:7:12)
    at attemptSync (/Users/just-boris/coding/jasmine-collection-matchers/node_modules/jasmine/node_modules/jasmine-core/lib/jasmine-core/jasmine.js:1789:24)
    at QueueRunner.run (/Users/just-boris/coding/jasmine-collection-matchers/node_modules/jasmine/node_modules/jasmine-core/lib/jasmine-core/jasmine.js:1777:9)
    at QueueRunner.execute (/Users/just-boris/coding/jasmine-collection-matchers/node_modules/jasmine/node_modules/jasmine-core/lib/jasmine-core/jasmine.js:1762:10)</stack-trace>
			</failure>
		</test-case>
		<test-case start="1437382309220" stop="1437382309220" status="failed">
			<name>should accept Array in expectation</name>
			<title>should accept Array in expectation</title>
			<description></description>
			<labels>
			</labels>
			<steps>
			</steps>
			<attachments>
			</attachments>
			<failure>
				<message>Expected function not to throw an exception with message &apos;Expectation must be an Array or Object&apos;.</message>
				<stack-trace>Error: Expected function not to throw an exception with message &apos;Expectation must be an Array or Object&apos;.
    at stack (/Users/just-boris/coding/jasmine-collection-matchers/node_modules/jasmine/node_modules/jasmine-core/lib/jasmine-core/jasmine.js:1482:17)
    at buildExpectationResult (/Users/just-boris/coding/jasmine-collection-matchers/node_modules/jasmine/node_modules/jasmine-core/lib/jasmine-core/jasmine.js:1452:14)
    at Spec.Env.expectationResultFactory (/Users/just-boris/coding/jasmine-collection-matchers/node_modules/jasmine/node_modules/jasmine-core/lib/jasmine-core/jasmine.js:583:18)
    at Spec.addExpectationResult (/Users/just-boris/coding/jasmine-collection-matchers/node_modules/jasmine/node_modules/jasmine-core/lib/jasmine-core/jasmine.js:324:34)
    at Expectation.addExpectationResult (/Users/just-boris/coding/jasmine-collection-matchers/node_modules/jasmine/node_modules/jasmine-core/lib/jasmine-core/jasmine.js:533:21)
    at Expectation.toThrowError (/Users/just-boris/coding/jasmine-collection-matchers/node_modules/jasmine/node_modules/jasmine-core/lib/jasmine-core/jasmine.js:1406:12)
    at Object.&lt;anonymous&gt; (/Users/just-boris/coding/jasmine-collection-matchers/test/toHaveSameItems.spec.js:13:12)
    at attemptSync (/Users/just-boris/coding/jasmine-collection-matchers/node_modules/jasmine/node_modules/jasmine-core/lib/jasmine-core/jasmine.js:1789:24)
    at QueueRunner.run (/Users/just-boris/coding/jasmine-collection-matchers/node_modules/jasmine/node_modules/jasmine-core/lib/jasmine-core/jasmine.js:1777:9)
    at QueueRunner.execute (/Users/just-boris/coding/jasmine-collection-matchers/node_modules/jasmine/node_modules/jasmine-core/lib/jasmine-core/jasmine.js:1762:10)</stack-trace>
			</failure>
		</test-case>
	</test-cases>
</ns2:test-suite>