<?xml version="1.0" encoding="UTF-8"?>
<ns2:test-suite xmlns:ns2="urn:model.allure.qatools.yandex.ru" start="1437382309224" stop="1437382309231">
	<name>toHaveSameItems match arrays ignore order</name>
	<title>toHaveSameItems match arrays ignore order</title>
	<test-cases>
		<test-case start="1437382309224" stop="1437382309225" status="failed">
			<name>should compare by length</name>
			<title>should compare by length</title>
			<description></description>
			<labels>
			</labels>
			<steps>
			</steps>
			<attachments>
			</attachments>
			<failure>
				<message>Array sizes doest match! Actual size: 3, expected size: 4</message>
				<stack-trace>Error: Array sizes doest match! Actual size: 3, expected size: 4
    at stack (/Users/just-boris/coding/jasmine-collection-matchers/node_modules/jasmine/node_modules/jasmine-core/lib/jasmine-core/jasmine.js:1482:17)
    at buildExpectationResult (/Users/just-boris/coding/jasmine-collection-matchers/node_modules/jasmine/node_modules/jasmine-core/lib/jasmine-core/jasmine.js:1452:14)
    at Spec.Env.expectationResultFactory (/Users/just-boris/coding/jasmine-collection-matchers/node_modules/jasmine/node_modules/jasmine-core/lib/jasmine-core/jasmine.js:583:18)
    at Spec.addExpectationResult (/Users/just-boris/coding/jasmine-collection-matchers/node_modules/jasmine/node_modules/jasmine-core/lib/jasmine-core/jasmine.js:324:34)
    at Expectation.addExpectationResult (/Users/just-boris/coding/jasmine-collection-matchers/node_modules/jasmine/node_modules/jasmine-core/lib/jasmine-core/jasmine.js:533:21)
    at Expectation.toHaveSameItems (/Users/just-boris/coding/jasmine-collection-matchers/node_modules/jasmine/node_modules/jasmine-core/lib/jasmine-core/jasmine.js:1406:12)
    at Object.&lt;anonymous&gt; (/Users/just-boris/coding/jasmine-collection-matchers/test/toHaveSameItems.spec.js:36:33)
    at attemptSync (/Users/just-boris/coding/jasmine-collection-matchers/node_modules/jasmine/node_modules/jasmine-core/lib/jasmine-core/jasmine.js:1789:24)
    at QueueRunner.run (/Users/just-boris/coding/jasmine-collection-matchers/node_modules/jasmine/node_modules/jasmine-core/lib/jasmine-core/jasmine.js:1777:9)
    at QueueRunner.execute (/Users/just-boris/coding/jasmine-collection-matchers/node_modules/jasmine/node_modules/jasmine-core/lib/jasmine-core/jasmine.js:1762:10)</stack-trace>
			</failure>
		</test-case>
		<test-case start="1437382309225" stop="1437382309227" status="failed">
			<name>should compare content</name>
			<title>should compare content</title>
			<description></description>
			<labels>
			</labels>
			<steps>
			</steps>
			<attachments>
			</attachments>
			<failure>
				<message>Expected collection are equal, but:
    at 2: expected null, actual 3
    at 3: expected 4, actual null</message>
				<stack-trace>Error: Expected collection are equal, but:
    at 2: expected null, actual 3
    at 3: expected 4, actual null
    at stack (/Users/just-boris/coding/jasmine-collection-matchers/node_modules/jasmine/node_modules/jasmine-core/lib/jasmine-core/jasmine.js:1482:17)
    at buildExpectationResult (/Users/just-boris/coding/jasmine-collection-matchers/node_modules/jasmine/node_modules/jasmine-core/lib/jasmine-core/jasmine.js:1452:14)
    at Spec.Env.expectationResultFactory (/Users/just-boris/coding/jasmine-collection-matchers/node_modules/jasmine/node_modules/jasmine-core/lib/jasmine-core/jasmine.js:583:18)
    at Spec.addExpectationResult (/Users/just-boris/coding/jasmine-collection-matchers/node_modules/jasmine/node_modules/jasmine-core/lib/jasmine-core/jasmine.js:324:34)
    at Expectation.addExpectationResult (/Users/just-boris/coding/jasmine-collection-matchers/node_modules/jasmine/node_modules/jasmine-core/lib/jasmine-core/jasmine.js:533:21)
    at Expectation.toHaveSameItems (/Users/just-boris/coding/jasmine-collection-matchers/node_modules/jasmine/node_modules/jasmine-core/lib/jasmine-core/jasmine.js:1406:12)
    at Object.&lt;anonymous&gt; (/Users/just-boris/coding/jasmine-collection-matchers/test/toHaveSameItems.spec.js:40:33)
    at attemptSync (/Users/just-boris/coding/jasmine-collection-matchers/node_modules/jasmine/node_modules/jasmine-core/lib/jasmine-core/jasmine.js:1789:24)
    at QueueRunner.run (/Users/just-boris/coding/jasmine-collection-matchers/node_modules/jasmine/node_modules/jasmine-core/lib/jasmine-core/jasmine.js:1777:9)
    at QueueRunner.execute (/Users/just-boris/coding/jasmine-collection-matchers/node_modules/jasmine/node_modules/jasmine-core/lib/jasmine-core/jasmine.js:1762:10)</stack-trace>
			</failure>
		</test-case>
		<test-case start="1437382309228" stop="1437382309228" status="failed">
			<name>should ignore element order</name>
			<title>should ignore element order</title>
			<description></description>
			<labels>
			</labels>
			<steps>
			</steps>
			<attachments>
			</attachments>
			<failure>
				<message>Expected collection [1,2,3] are not equal to [3,1,2]</message>
				<stack-trace>Error: Expected collection [1,2,3] are not equal to [3,1,2]
    at stack (/Users/just-boris/coding/jasmine-collection-matchers/node_modules/jasmine/node_modules/jasmine-core/lib/jasmine-core/jasmine.js:1482:17)
    at buildExpectationResult (/Users/just-boris/coding/jasmine-collection-matchers/node_modules/jasmine/node_modules/jasmine-core/lib/jasmine-core/jasmine.js:1452:14)
    at Spec.Env.expectationResultFactory (/Users/just-boris/coding/jasmine-collection-matchers/node_modules/jasmine/node_modules/jasmine-core/lib/jasmine-core/jasmine.js:583:18)
    at Spec.addExpectationResult (/Users/just-boris/coding/jasmine-collection-matchers/node_modules/jasmine/node_modules/jasmine-core/lib/jasmine-core/jasmine.js:324:34)
    at Expectation.addExpectationResult (/Users/just-boris/coding/jasmine-collection-matchers/node_modules/jasmine/node_modules/jasmine-core/lib/jasmine-core/jasmine.js:533:21)
    at Expectation.toHaveSameItems (/Users/just-boris/coding/jasmine-collection-matchers/node_modules/jasmine/node_modules/jasmine-core/lib/jasmine-core/jasmine.js:1406:12)
    at Object.&lt;anonymous&gt; (/Users/just-boris/coding/jasmine-collection-matchers/test/toHaveSameItems.spec.js:44:29)
    at attemptSync (/Users/just-boris/coding/jasmine-collection-matchers/node_modules/jasmine/node_modules/jasmine-core/lib/jasmine-core/jasmine.js:1789:24)
    at QueueRunner.run (/Users/just-boris/coding/jasmine-collection-matchers/node_modules/jasmine/node_modules/jasmine-core/lib/jasmine-core/jasmine.js:1777:9)
    at QueueRunner.execute (/Users/just-boris/coding/jasmine-collection-matchers/node_modules/jasmine/node_modules/jasmine-core/lib/jasmine-core/jasmine.js:1762:10)</stack-trace>
			</failure>
		</test-case>
		<test-case start="1437382309228" stop="1437382309231" status="failed">
			<name>passing test</name>
			<title>passing test</title>
			<description></description>
			<labels>
			</labels>
			<steps>
			</steps>
			<attachments>
			</attachments>
			<failure>
				<message>Expected collection [1,2,3] are not equal to [1,2,3]</message>
				<stack-trace>Error: Expected collection [1,2,3] are not equal to [1,2,3]
    at stack (/Users/just-boris/coding/jasmine-collection-matchers/node_modules/jasmine/node_modules/jasmine-core/lib/jasmine-core/jasmine.js:1482:17)
    at buildExpectationResult (/Users/just-boris/coding/jasmine-collection-matchers/node_modules/jasmine/node_modules/jasmine-core/lib/jasmine-core/jasmine.js:1452:14)
    at Spec.Env.expectationResultFactory (/Users/just-boris/coding/jasmine-collection-matchers/node_modules/jasmine/node_modules/jasmine-core/lib/jasmine-core/jasmine.js:583:18)
    at Spec.addExpectationResult (/Users/just-boris/coding/jasmine-collection-matchers/node_modules/jasmine/node_modules/jasmine-core/lib/jasmine-core/jasmine.js:324:34)
    at Expectation.addExpectationResult (/Users/just-boris/coding/jasmine-collection-matchers/node_modules/jasmine/node_modules/jasmine-core/lib/jasmine-core/jasmine.js:533:21)
    at Expectation.toHaveSameItems (/Users/just-boris/coding/jasmine-collection-matchers/node_modules/jasmine/node_modules/jasmine-core/lib/jasmine-core/jasmine.js:1406:12)
    at Object.&lt;anonymous&gt; (/Users/just-boris/coding/jasmine-collection-matchers/test/toHaveSameItems.spec.js:48:29)
    at attemptSync (/Users/just-boris/coding/jasmine-collection-matchers/node_modules/jasmine/node_modules/jasmine-core/lib/jasmine-core/jasmine.js:1789:24)
    at QueueRunner.run (/Users/just-boris/coding/jasmine-collection-matchers/node_modules/jasmine/node_modules/jasmine-core/lib/jasmine-core/jasmine.js:1777:9)
    at QueueRunner.execute (/Users/just-boris/coding/jasmine-collection-matchers/node_modules/jasmine/node_modules/jasmine-core/lib/jasmine-core/jasmine.js:1762:10)</stack-trace>
			</failure>
		</test-case>
	</test-cases>
</ns2:test-suite>