<?xml version="1.0" encoding="UTF-8"?>
<ns2:test-suite xmlns:ns2="urn:model.allure.qatools.yandex.ru" start="1437382309212" stop="1437382309213">
	<name>toHaveLength size of String</name>
	<title>toHaveLength size of String</title>
	<test-cases>
		<test-case start="1437382309212" stop="1437382309213" status="failed">
			<name>should compare by length</name>
			<title>should compare by length</title>
			<description></description>
			<labels>
			</labels>
			<steps>
			</steps>
			<attachments>
			</attachments>
			<failure>
				<message>Expected to have length 4, but actual is 3</message>
				<stack-trace>Error: Expected to have length 4, but actual is 3
    at stack (/Users/just-boris/coding/jasmine-collection-matchers/node_modules/jasmine/node_modules/jasmine-core/lib/jasmine-core/jasmine.js:1482:17)
    at buildExpectationResult (/Users/just-boris/coding/jasmine-collection-matchers/node_modules/jasmine/node_modules/jasmine-core/lib/jasmine-core/jasmine.js:1452:14)
    at Spec.Env.expectationResultFactory (/Users/just-boris/coding/jasmine-collection-matchers/node_modules/jasmine/node_modules/jasmine-core/lib/jasmine-core/jasmine.js:583:18)
    at Spec.addExpectationResult (/Users/just-boris/coding/jasmine-collection-matchers/node_modules/jasmine/node_modules/jasmine-core/lib/jasmine-core/jasmine.js:324:34)
    at Expectation.addExpectationResult (/Users/just-boris/coding/jasmine-collection-matchers/node_modules/jasmine/node_modules/jasmine-core/lib/jasmine-core/jasmine.js:533:21)
    at Expectation.toHaveLength (/Users/just-boris/coding/jasmine-collection-matchers/node_modules/jasmine/node_modules/jasmine-core/lib/jasmine-core/jasmine.js:1406:12)
    at Object.&lt;anonymous&gt; (/Users/just-boris/coding/jasmine-collection-matchers/test/toHaveLength.spec.js:26:31)
    at attemptSync (/Users/just-boris/coding/jasmine-collection-matchers/node_modules/jasmine/node_modules/jasmine-core/lib/jasmine-core/jasmine.js:1789:24)
    at QueueRunner.run (/Users/just-boris/coding/jasmine-collection-matchers/node_modules/jasmine/node_modules/jasmine-core/lib/jasmine-core/jasmine.js:1777:9)
    at QueueRunner.execute (/Users/just-boris/coding/jasmine-collection-matchers/node_modules/jasmine/node_modules/jasmine-core/lib/jasmine-core/jasmine.js:1762:10)</stack-trace>
			</failure>
		</test-case>
		<test-case start="1437382309213" stop="1437382309213" status="failed">
			<name>passing test</name>
			<title>passing test</title>
			<description></description>
			<labels>
			</labels>
			<steps>
			</steps>
			<attachments>
			</attachments>
			<failure>
				<message>Expected to have not length 3, but actual is 3</message>
				<stack-trace>Error: Expected to have not length 3, but actual is 3
    at stack (/Users/just-boris/coding/jasmine-collection-matchers/node_modules/jasmine/node_modules/jasmine-core/lib/jasmine-core/jasmine.js:1482:17)
    at buildExpectationResult (/Users/just-boris/coding/jasmine-collection-matchers/node_modules/jasmine/node_modules/jasmine-core/lib/jasmine-core/jasmine.js:1452:14)
    at Spec.Env.expectationResultFactory (/Users/just-boris/coding/jasmine-collection-matchers/node_modules/jasmine/node_modules/jasmine-core/lib/jasmine-core/jasmine.js:583:18)
    at Spec.addExpectationResult (/Users/just-boris/coding/jasmine-collection-matchers/node_modules/jasmine/node_modules/jasmine-core/lib/jasmine-core/jasmine.js:324:34)
    at Expectation.addExpectationResult (/Users/just-boris/coding/jasmine-collection-matchers/node_modules/jasmine/node_modules/jasmine-core/lib/jasmine-core/jasmine.js:533:21)
    at Expectation.toHaveLength (/Users/just-boris/coding/jasmine-collection-matchers/node_modules/jasmine/node_modules/jasmine-core/lib/jasmine-core/jasmine.js:1406:12)
    at Object.&lt;anonymous&gt; (/Users/just-boris/coding/jasmine-collection-matchers/test/toHaveLength.spec.js:30:27)
    at attemptSync (/Users/just-boris/coding/jasmine-collection-matchers/node_modules/jasmine/node_modules/jasmine-core/lib/jasmine-core/jasmine.js:1789:24)
    at QueueRunner.run (/Users/just-boris/coding/jasmine-collection-matchers/node_modules/jasmine/node_modules/jasmine-core/lib/jasmine-core/jasmine.js:1777:9)
    at QueueRunner.execute (/Users/just-boris/coding/jasmine-collection-matchers/node_modules/jasmine/node_modules/jasmine-core/lib/jasmine-core/jasmine.js:1762:10)</stack-trace>
			</failure>
		</test-case>
	</test-cases>
</ns2:test-suite>